This file contains any messages produced by compilers while
running configure, to aid debugging if configure makes a mistake.

It was created by mrs configure 2.0, which was
generated by GNU Autoconf 2.68.  Invocation command line was

  $ ./configure CPPFLAGS=-I/home/gat41/cxsc/include LDFLAGS=-L/home/gat41/cxsc/lib --prefix=/home/gat41/mrs

## --------- ##
## Platform. ##
## --------- ##

hostname = ubuntu
uname -m = i686
uname -r = 3.5.0-54-generic
uname -s = Linux
uname -v = #81~precise1-Ubuntu SMP Tue Jul 15 04:05:58 UTC 2014

/usr/bin/uname -p = unknown
/bin/uname -X     = unknown

/bin/arch              = unknown
/usr/bin/arch -k       = unknown
/usr/convex/getsysinfo = unknown
/usr/bin/hostinfo      = unknown
/bin/machine           = unknown
/usr/bin/oslevel       = unknown
/bin/universe          = unknown

PATH: /usr/lib/lightdm/lightdm
PATH: /usr/local/sbin
PATH: /usr/local/bin
PATH: /usr/sbin
PATH: /usr/bin
PATH: /sbin
PATH: /bin
PATH: /usr/games
PATH: /home/gat41/.rvm/bin
PATH: /home/gat41/.rvm/bin


## ----------- ##
## Core tests. ##
## ----------- ##

configure:2342: checking for a BSD-compatible install
configure:2410: result: /usr/bin/install -c
configure:2421: checking whether build environment is sane
configure:2471: result: yes
configure:2612: checking for a thread-safe mkdir -p
configure:2651: result: /bin/mkdir -p
configure:2664: checking for gawk
configure:2694: result: no
configure:2664: checking for mawk
configure:2680: found /usr/bin/mawk
configure:2691: result: mawk
configure:2702: checking whether make sets $(MAKE)
configure:2724: result: yes
configure:2865: checking for g++
configure:2881: found /usr/bin/g++
configure:2892: result: g++
configure:2919: checking for C++ compiler version
configure:2928: g++ --version >&5
g++ (Ubuntu/Linaro 4.6.3-1ubuntu5) 4.6.3
Copyright (C) 2011 Free Software Foundation, Inc.
This is free software; see the source for copying conditions.  There is NO
warranty; not even for MERCHANTABILITY or FITNESS FOR A PARTICULAR PURPOSE.

configure:2939: $? = 0
configure:2928: g++ -v >&5
Using built-in specs.
COLLECT_GCC=g++
COLLECT_LTO_WRAPPER=/usr/lib/gcc/i686-linux-gnu/4.6/lto-wrapper
Target: i686-linux-gnu
Configured with: ../src/configure -v --with-pkgversion='Ubuntu/Linaro 4.6.3-1ubuntu5' --with-bugurl=file:///usr/share/doc/gcc-4.6/README.Bugs --enable-languages=c,c++,fortran,objc,obj-c++ --prefix=/usr --program-suffix=-4.6 --enable-shared --enable-linker-build-id --with-system-zlib --libexecdir=/usr/lib --without-included-gettext --enable-threads=posix --with-gxx-include-dir=/usr/include/c++/4.6 --libdir=/usr/lib --enable-nls --with-sysroot=/ --enable-clocale=gnu --enable-libstdcxx-debug --enable-libstdcxx-time=yes --enable-gnu-unique-object --enable-plugin --enable-objc-gc --enable-targets=all --disable-werror --with-arch-32=i686 --with-tune=generic --enable-checking=release --build=i686-linux-gnu --host=i686-linux-gnu --target=i686-linux-gnu
Thread model: posix
gcc version 4.6.3 (Ubuntu/Linaro 4.6.3-1ubuntu5) 
configure:2939: $? = 0
configure:2928: g++ -V >&5
g++: error: unrecognized option '-V'
g++: fatal error: no input files
compilation terminated.
configure:2939: $? = 4
configure:2928: g++ -qversion >&5
g++: error: unrecognized option '-qversion'
g++: fatal error: no input files
compilation terminated.
configure:2939: $? = 4
configure:2959: checking whether the C++ compiler works
configure:2981: g++  -I/home/gat41/cxsc/include -L/home/gat41/cxsc/lib conftest.cpp  >&5
configure:2985: $? = 0
configure:3033: result: yes
configure:3036: checking for C++ compiler default output file name
configure:3038: result: a.out
configure:3044: checking for suffix of executables
configure:3051: g++ -o conftest  -I/home/gat41/cxsc/include -L/home/gat41/cxsc/lib conftest.cpp  >&5
configure:3055: $? = 0
configure:3077: result: 
configure:3099: checking whether we are cross compiling
configure:3107: g++ -o conftest  -I/home/gat41/cxsc/include -L/home/gat41/cxsc/lib conftest.cpp  >&5
configure:3111: $? = 0
configure:3118: ./conftest
configure:3122: $? = 0
configure:3137: result: no
configure:3142: checking for suffix of object files
configure:3164: g++ -c  -I/home/gat41/cxsc/include conftest.cpp >&5
configure:3168: $? = 0
configure:3189: result: o
configure:3193: checking whether we are using the GNU C++ compiler
configure:3212: g++ -c  -I/home/gat41/cxsc/include conftest.cpp >&5
configure:3212: $? = 0
configure:3221: result: yes
configure:3230: checking whether g++ accepts -g
configure:3250: g++ -c -g -I/home/gat41/cxsc/include conftest.cpp >&5
configure:3250: $? = 0
configure:3291: result: yes
configure:3325: checking for style of include used by make
configure:3353: result: GNU
configure:3379: checking dependency style of g++
configure:3490: result: gcc3
configure:3548: checking for ranlib
configure:3564: found /usr/bin/ranlib
configure:3575: result: ranlib
configure:3652: checking for gcc
configure:3668: found /usr/bin/gcc
configure:3679: result: gcc
configure:3908: checking for C compiler version
configure:3917: gcc --version >&5
gcc (Ubuntu/Linaro 4.6.3-1ubuntu5) 4.6.3
Copyright (C) 2011 Free Software Foundation, Inc.
This is free software; see the source for copying conditions.  There is NO
warranty; not even for MERCHANTABILITY or FITNESS FOR A PARTICULAR PURPOSE.

configure:3928: $? = 0
configure:3917: gcc -v >&5
Using built-in specs.
COLLECT_GCC=gcc
COLLECT_LTO_WRAPPER=/usr/lib/gcc/i686-linux-gnu/4.6/lto-wrapper
Target: i686-linux-gnu
Configured with: ../src/configure -v --with-pkgversion='Ubuntu/Linaro 4.6.3-1ubuntu5' --with-bugurl=file:///usr/share/doc/gcc-4.6/README.Bugs --enable-languages=c,c++,fortran,objc,obj-c++ --prefix=/usr --program-suffix=-4.6 --enable-shared --enable-linker-build-id --with-system-zlib --libexecdir=/usr/lib --without-included-gettext --enable-threads=posix --with-gxx-include-dir=/usr/include/c++/4.6 --libdir=/usr/lib --enable-nls --with-sysroot=/ --enable-clocale=gnu --enable-libstdcxx-debug --enable-libstdcxx-time=yes --enable-gnu-unique-object --enable-plugin --enable-objc-gc --enable-targets=all --disable-werror --with-arch-32=i686 --with-tune=generic --enable-checking=release --build=i686-linux-gnu --host=i686-linux-gnu --target=i686-linux-gnu
Thread model: posix
gcc version 4.6.3 (Ubuntu/Linaro 4.6.3-1ubuntu5) 
configure:3928: $? = 0
configure:3917: gcc -V >&5
gcc: error: unrecognized option '-V'
gcc: fatal error: no input files
compilation terminated.
configure:3928: $? = 4
configure:3917: gcc -qversion >&5
gcc: error: unrecognized option '-qversion'
gcc: fatal error: no input files
compilation terminated.
configure:3928: $? = 4
configure:3932: checking whether we are using the GNU C compiler
configure:3951: gcc -c  -I/home/gat41/cxsc/include conftest.c >&5
configure:3951: $? = 0
configure:3960: result: yes
configure:3969: checking whether gcc accepts -g
configure:3989: gcc -c -g -I/home/gat41/cxsc/include conftest.c >&5
configure:3989: $? = 0
configure:4030: result: yes
configure:4047: checking for gcc option to accept ISO C89
configure:4111: gcc  -c -g -O2 -I/home/gat41/cxsc/include conftest.c >&5
configure:4111: $? = 0
configure:4124: result: none needed
configure:4146: checking dependency style of gcc
configure:4257: result: gcc3
configure:4273: checking for sqrt in -lm
configure:4298: gcc -o conftest -g -O2 -I/home/gat41/cxsc/include -L/home/gat41/cxsc/lib conftest.c -lm   >&5
conftest.c:18:6: warning: conflicting types for built-in function 'sqrt' [enabled by default]
configure:4298: $? = 0
configure:4307: result: yes
configure:4321: checking for main in -lgslcblas
configure:4340: gcc -o conftest -g -O2 -I/home/gat41/cxsc/include -L/home/gat41/cxsc/lib conftest.c -lgslcblas  -lm  >&5
configure:4340: $? = 0
configure:4349: result: yes
configure:4363: checking for gsl_version in -lgsl
configure:4388: gcc -o conftest -g -O2 -I/home/gat41/cxsc/include -L/home/gat41/cxsc/lib conftest.c -lgsl  -lgslcblas -lm  >&5
configure:4388: $? = 0
configure:4397: result: yes
configure:4411: checking for main in -lcxsc
configure:4430: gcc -o conftest -g -O2 -I/home/gat41/cxsc/include -L/home/gat41/cxsc/lib conftest.c -lcxsc  -lgsl -lgslcblas -lm  >&5
configure:4430: $? = 0
configure:4439: result: yes
configure:4464: checking how to run the C preprocessor
configure:4495: gcc -E -I/home/gat41/cxsc/include conftest.c
configure:4495: $? = 0
configure:4509: gcc -E -I/home/gat41/cxsc/include conftest.c
conftest.c:15:28: fatal error: ac_nonexistent.h: No such file or directory
compilation terminated.
configure:4509: $? = 1
configure: failed program was:
| /* confdefs.h */
| #define PACKAGE_NAME "mrs"
| #define PACKAGE_TARNAME "mrs"
| #define PACKAGE_VERSION "2.0"
| #define PACKAGE_STRING "mrs 2.0"
| #define PACKAGE_BUGREPORT "raazesh.sainudiin@gmail.com"
| #define PACKAGE_URL ""
| #define PACKAGE "mrs"
| #define VERSION "2.0"
| #define HAVE_LIBM 1
| #define HAVE_LIBGSLCBLAS 1
| #define HAVE_LIBGSL 1
| #define HAVE_LIBCXSC 1
| /* end confdefs.h.  */
| #include <ac_nonexistent.h>
configure:4534: result: gcc -E
configure:4554: gcc -E -I/home/gat41/cxsc/include conftest.c
configure:4554: $? = 0
configure:4568: gcc -E -I/home/gat41/cxsc/include conftest.c
conftest.c:15:28: fatal error: ac_nonexistent.h: No such file or directory
compilation terminated.
configure:4568: $? = 1
configure: failed program was:
| /* confdefs.h */
| #define PACKAGE_NAME "mrs"
| #define PACKAGE_TARNAME "mrs"
| #define PACKAGE_VERSION "2.0"
| #define PACKAGE_STRING "mrs 2.0"
| #define PACKAGE_BUGREPORT "raazesh.sainudiin@gmail.com"
| #define PACKAGE_URL ""
| #define PACKAGE "mrs"
| #define VERSION "2.0"
| #define HAVE_LIBM 1
| #define HAVE_LIBGSLCBLAS 1
| #define HAVE_LIBGSL 1
| #define HAVE_LIBCXSC 1
| /* end confdefs.h.  */
| #include <ac_nonexistent.h>
configure:4597: checking for grep that handles long lines and -e
configure:4655: result: /bin/grep
configure:4660: checking for egrep
configure:4722: result: /bin/grep -E
configure:4727: checking for ANSI C header files
configure:4747: gcc -c -g -O2 -I/home/gat41/cxsc/include conftest.c >&5
configure:4747: $? = 0
configure:4820: gcc -o conftest -g -O2 -I/home/gat41/cxsc/include -L/home/gat41/cxsc/lib conftest.c -lcxsc -lgsl -lgslcblas -lm  >&5
configure:4820: $? = 0
configure:4820: ./conftest
configure:4820: $? = 0
configure:4831: result: yes
configure:4844: checking for sys/types.h
configure:4844: gcc -c -g -O2 -I/home/gat41/cxsc/include conftest.c >&5
configure:4844: $? = 0
configure:4844: result: yes
configure:4844: checking for sys/stat.h
configure:4844: gcc -c -g -O2 -I/home/gat41/cxsc/include conftest.c >&5
configure:4844: $? = 0
configure:4844: result: yes
configure:4844: checking for stdlib.h
configure:4844: gcc -c -g -O2 -I/home/gat41/cxsc/include conftest.c >&5
configure:4844: $? = 0
configure:4844: result: yes
configure:4844: checking for string.h
configure:4844: gcc -c -g -O2 -I/home/gat41/cxsc/include conftest.c >&5
configure:4844: $? = 0
configure:4844: result: yes
configure:4844: checking for memory.h
configure:4844: gcc -c -g -O2 -I/home/gat41/cxsc/include conftest.c >&5
configure:4844: $? = 0
configure:4844: result: yes
configure:4844: checking for strings.h
configure:4844: gcc -c -g -O2 -I/home/gat41/cxsc/include conftest.c >&5
configure:4844: $? = 0
configure:4844: result: yes
configure:4844: checking for inttypes.h
configure:4844: gcc -c -g -O2 -I/home/gat41/cxsc/include conftest.c >&5
configure:4844: $? = 0
configure:4844: result: yes
configure:4844: checking for stdint.h
configure:4844: gcc -c -g -O2 -I/home/gat41/cxsc/include conftest.c >&5
configure:4844: $? = 0
configure:4844: result: yes
configure:4844: checking for unistd.h
configure:4844: gcc -c -g -O2 -I/home/gat41/cxsc/include conftest.c >&5
configure:4844: $? = 0
configure:4844: result: yes
configure:4856: checking for stdbool.h that conforms to C99
configure:4923: gcc -c -g -O2 -I/home/gat41/cxsc/include conftest.c >&5
configure:4923: $? = 0
configure:4930: result: yes
configure:4932: checking for _Bool
configure:4932: gcc -c -g -O2 -I/home/gat41/cxsc/include conftest.c >&5
configure:4932: $? = 0
configure:4932: gcc -c -g -O2 -I/home/gat41/cxsc/include conftest.c >&5
conftest.c: In function 'main':
conftest.c:61:20: error: expected expression before ')' token
configure:4932: $? = 1
configure: failed program was:
| /* confdefs.h */
| #define PACKAGE_NAME "mrs"
| #define PACKAGE_TARNAME "mrs"
| #define PACKAGE_VERSION "2.0"
| #define PACKAGE_STRING "mrs 2.0"
| #define PACKAGE_BUGREPORT "raazesh.sainudiin@gmail.com"
| #define PACKAGE_URL ""
| #define PACKAGE "mrs"
| #define VERSION "2.0"
| #define HAVE_LIBM 1
| #define HAVE_LIBGSLCBLAS 1
| #define HAVE_LIBGSL 1
| #define HAVE_LIBCXSC 1
| #define STDC_HEADERS 1
| #define HAVE_SYS_TYPES_H 1
| #define HAVE_SYS_STAT_H 1
| #define HAVE_STDLIB_H 1
| #define HAVE_STRING_H 1
| #define HAVE_MEMORY_H 1
| #define HAVE_STRINGS_H 1
| #define HAVE_INTTYPES_H 1
| #define HAVE_STDINT_H 1
| #define HAVE_UNISTD_H 1
| /* end confdefs.h.  */
| #include <stdio.h>
| #ifdef HAVE_SYS_TYPES_H
| # include <sys/types.h>
| #endif
| #ifdef HAVE_SYS_STAT_H
| # include <sys/stat.h>
| #endif
| #ifdef STDC_HEADERS
| # include <stdlib.h>
| # include <stddef.h>
| #else
| # ifdef HAVE_STDLIB_H
| #  include <stdlib.h>
| # endif
| #endif
| #ifdef HAVE_STRING_H
| # if !defined STDC_HEADERS && defined HAVE_MEMORY_H
| #  include <memory.h>
| # endif
| # include <string.h>
| #endif
| #ifdef HAVE_STRINGS_H
| # include <strings.h>
| #endif
| #ifdef HAVE_INTTYPES_H
| # include <inttypes.h>
| #endif
| #ifdef HAVE_STDINT_H
| # include <stdint.h>
| #endif
| #ifdef HAVE_UNISTD_H
| # include <unistd.h>
| #endif
| int
| main ()
| {
| if (sizeof ((_Bool)))
| 	    return 0;
|   ;
|   return 0;
| }
configure:4932: result: yes
configure:4948: checking for an ANSI C-conforming const
configure:5013: gcc -c -g -O2 -I/home/gat41/cxsc/include conftest.c >&5
configure:5013: $? = 0
configure:5020: result: yes
configure:5028: checking for inline
configure:5044: gcc -c -g -O2 -I/home/gat41/cxsc/include conftest.c >&5
configure:5044: $? = 0
configure:5052: result: inline
configure:5070: checking for size_t
configure:5070: gcc -c -g -O2 -I/home/gat41/cxsc/include conftest.c >&5
configure:5070: $? = 0
configure:5070: gcc -c -g -O2 -I/home/gat41/cxsc/include conftest.c >&5
conftest.c: In function 'main':
conftest.c:63:21: error: expected expression before ')' token
configure:5070: $? = 1
configure: failed program was:
| /* confdefs.h */
| #define PACKAGE_NAME "mrs"
| #define PACKAGE_TARNAME "mrs"
| #define PACKAGE_VERSION "2.0"
| #define PACKAGE_STRING "mrs 2.0"
| #define PACKAGE_BUGREPORT "raazesh.sainudiin@gmail.com"
| #define PACKAGE_URL ""
| #define PACKAGE "mrs"
| #define VERSION "2.0"
| #define HAVE_LIBM 1
| #define HAVE_LIBGSLCBLAS 1
| #define HAVE_LIBGSL 1
| #define HAVE_LIBCXSC 1
| #define STDC_HEADERS 1
| #define HAVE_SYS_TYPES_H 1
| #define HAVE_SYS_STAT_H 1
| #define HAVE_STDLIB_H 1
| #define HAVE_STRING_H 1
| #define HAVE_MEMORY_H 1
| #define HAVE_STRINGS_H 1
| #define HAVE_INTTYPES_H 1
| #define HAVE_STDINT_H 1
| #define HAVE_UNISTD_H 1
| #define HAVE__BOOL 1
| #define HAVE_STDBOOL_H 1
| /* end confdefs.h.  */
| #include <stdio.h>
| #ifdef HAVE_SYS_TYPES_H
| # include <sys/types.h>
| #endif
| #ifdef HAVE_SYS_STAT_H
| # include <sys/stat.h>
| #endif
| #ifdef STDC_HEADERS
| # include <stdlib.h>
| # include <stddef.h>
| #else
| # ifdef HAVE_STDLIB_H
| #  include <stdlib.h>
| # endif
| #endif
| #ifdef HAVE_STRING_H
| # if !defined STDC_HEADERS && defined HAVE_MEMORY_H
| #  include <memory.h>
| # endif
| # include <string.h>
| #endif
| #ifdef HAVE_STRINGS_H
| # include <strings.h>
| #endif
| #ifdef HAVE_INTTYPES_H
| # include <inttypes.h>
| #endif
| #ifdef HAVE_STDINT_H
| # include <stdint.h>
| #endif
| #ifdef HAVE_UNISTD_H
| # include <unistd.h>
| #endif
| int
| main ()
| {
| if (sizeof ((size_t)))
| 	    return 0;
|   ;
|   return 0;
| }
configure:5070: result: yes
configure:5085: checking for stdlib.h
configure:5085: result: yes
configure:5095: checking for GNU libc compatible malloc
configure:5119: gcc -o conftest -g -O2 -I/home/gat41/cxsc/include -L/home/gat41/cxsc/lib conftest.c -lcxsc -lgsl -lgslcblas -lm  >&5
configure:5119: $? = 0
configure:5119: ./conftest
configure:5119: $? = 0
configure:5129: result: yes
configure:5152: checking for modf
configure:5152: gcc -o conftest -g -O2 -I/home/gat41/cxsc/include -L/home/gat41/cxsc/lib conftest.c -lcxsc -lgsl -lgslcblas -lm  >&5
conftest.c:52:6: warning: conflicting types for built-in function 'modf' [enabled by default]
configure:5152: $? = 0
configure:5152: result: yes
configure:5270: checking for doxygen
configure:5288: found /usr/bin/doxygen
configure:5300: result: /usr/bin/doxygen
configure:5376: checking for perl
configure:5394: found /usr/bin/perl
configure:5406: result: /usr/bin/perl
configure:5548: checking for dot
configure:5566: found /usr/bin/dot
configure:5578: result: /usr/bin/dot
configure:7152: checking dependency style of gcc
configure:7263: result: gcc3
configure:7280: checking dependency style of g++
configure:7391: result: gcc3
configure:7661: creating ./config.status

## ---------------------- ##
## Running config.status. ##
## ---------------------- ##

This file was extended by mrs config.status 2.0, which was
generated by GNU Autoconf 2.68.  Invocation command line was

  CONFIG_FILES    = 
  CONFIG_HEADERS  = 
  CONFIG_LINKS    = 
  CONFIG_COMMANDS = 
  $ ./config.status 

on ubuntu

config.status:932: creating Makefile
config.status:932: creating src/Makefile
config.status:932: creating examples/Makefile
config.status:932: creating examples/StatsSubPav/Makefile
config.status:932: creating examples/StatsSubPav/MinimumDistanceEstimation/Makefile
config.status:932: creating examples/MappedTargetsTrunk/Makefile
config.status:932: creating examples/StatsSubPav/MappedSPSampling/Makefile
config.status:932: creating examples/targets/Makefile
config.status:932: creating config.h
config.status:1113: config.h is unchanged
config.status:1161: executing depfiles commands

## ---------------- ##
## Cache variables. ##
## ---------------- ##

ac_cv_c_compiler_gnu=yes
ac_cv_c_const=yes
ac_cv_c_inline=inline
ac_cv_cxx_compiler_gnu=yes
ac_cv_env_CCC_set=
ac_cv_env_CCC_value=
ac_cv_env_CC_set=
ac_cv_env_CC_value=
ac_cv_env_CFLAGS_set=
ac_cv_env_CFLAGS_value=
ac_cv_env_CPPFLAGS_set=set
ac_cv_env_CPPFLAGS_value=-I/home/gat41/cxsc/include
ac_cv_env_CPP_set=
ac_cv_env_CPP_value=
ac_cv_env_CXXFLAGS_set=
ac_cv_env_CXXFLAGS_value=
ac_cv_env_CXX_set=
ac_cv_env_CXX_value=
ac_cv_env_DOXYGEN_PAPER_SIZE_set=
ac_cv_env_DOXYGEN_PAPER_SIZE_value=
ac_cv_env_LDFLAGS_set=set
ac_cv_env_LDFLAGS_value=-L/home/gat41/cxsc/lib
ac_cv_env_LIBS_set=
ac_cv_env_LIBS_value=
ac_cv_env_build_alias_set=
ac_cv_env_build_alias_value=
ac_cv_env_host_alias_set=
ac_cv_env_host_alias_value=
ac_cv_env_target_alias_set=
ac_cv_env_target_alias_value=
ac_cv_func_malloc_0_nonnull=yes
ac_cv_func_modf=yes
ac_cv_header_inttypes_h=yes
ac_cv_header_memory_h=yes
ac_cv_header_stdbool_h=yes
ac_cv_header_stdc=yes
ac_cv_header_stdint_h=yes
ac_cv_header_stdlib_h=yes
ac_cv_header_string_h=yes
ac_cv_header_strings_h=yes
ac_cv_header_sys_stat_h=yes
ac_cv_header_sys_types_h=yes
ac_cv_header_unistd_h=yes
ac_cv_lib_cxsc_main=yes
ac_cv_lib_gsl_gsl_version=yes
ac_cv_lib_gslcblas_main=yes
ac_cv_lib_m_sqrt=yes
ac_cv_objext=o
ac_cv_path_EGREP='/bin/grep -E'
ac_cv_path_GREP=/bin/grep
ac_cv_path_ac_pt_DX_DOT=/usr/bin/dot
ac_cv_path_ac_pt_DX_DOXYGEN=/usr/bin/doxygen
ac_cv_path_ac_pt_DX_PERL=/usr/bin/perl
ac_cv_path_install='/usr/bin/install -c'
ac_cv_path_mkdir=/bin/mkdir
ac_cv_prog_AWK=mawk
ac_cv_prog_CPP='gcc -E'
ac_cv_prog_ac_ct_CC=gcc
ac_cv_prog_ac_ct_CXX=g++
ac_cv_prog_ac_ct_RANLIB=ranlib
ac_cv_prog_cc_c89=
ac_cv_prog_cc_g=yes
ac_cv_prog_cxx_g=yes
ac_cv_prog_make_make_set=yes
ac_cv_type__Bool=yes
ac_cv_type_size_t=yes
am_cv_CC_dependencies_compiler_type=gcc3
am_cv_CXX_dependencies_compiler_type=gcc3

## ----------------- ##
## Output variables. ##
## ----------------- ##

ACLOCAL='${SHELL} /home/gat41/mrs-1-YatracosThis/config/missing --run aclocal-1.11'
AMDEPBACKSLASH='\'
AMDEP_FALSE='#'
AMDEP_TRUE=''
AMTAR='$${TAR-tar}'
AUTOCONF='${SHELL} /home/gat41/mrs-1-YatracosThis/config/missing --run autoconf'
AUTOHEADER='${SHELL} /home/gat41/mrs-1-YatracosThis/config/missing --run autoheader'
AUTOMAKE='${SHELL} /home/gat41/mrs-1-YatracosThis/config/missing --run automake-1.11'
AWK='mawk'
CC='gcc'
CCDEPMODE='depmode=gcc3'
CFLAGS='-g -O2'
CPP='gcc -E'
CPPFLAGS='-I/home/gat41/cxsc/include'
CXX='g++'
CXXDEPMODE='depmode=gcc3'
CXXFLAGS='-g -O2'
CYGPATH_W='echo'
DEFS='-DHAVE_CONFIG_H'
DEPDIR='.deps'
DOXYGEN_PAPER_SIZE=''
DX_COND_chi_FALSE=''
DX_COND_chi_TRUE='#'
DX_COND_chm_FALSE=''
DX_COND_chm_TRUE='#'
DX_COND_doc_FALSE='#'
DX_COND_doc_TRUE=''
DX_COND_dot_FALSE='#'
DX_COND_dot_TRUE=''
DX_COND_html_FALSE='#'
DX_COND_html_TRUE=''
DX_COND_latex_FALSE=''
DX_COND_latex_TRUE='#'
DX_COND_man_FALSE=''
DX_COND_man_TRUE='#'
DX_COND_pdf_FALSE=''
DX_COND_pdf_TRUE='#'
DX_COND_ps_FALSE=''
DX_COND_ps_TRUE='#'
DX_COND_rtf_FALSE=''
DX_COND_rtf_TRUE='#'
DX_COND_xml_FALSE=''
DX_COND_xml_TRUE='#'
DX_CONFIG='Doxyfile'
DX_DOCDIR='doxygen-doc'
DX_DOT='/usr/bin/dot'
DX_DOXYGEN='/usr/bin/doxygen'
DX_DVIPS=''
DX_EGREP=''
DX_ENV=' SRCDIR='\''.'\'' PROJECT='\''mrs'\'' DOCDIR='\''doxygen-doc'\'' VERSION='\''2.0'\'' PERL_PATH='\''/usr/bin/perl'\'' HAVE_DOT='\''YES'\'' DOT_PATH='\''/usr/bin'\'' GENERATE_MAN='\''NO'\'' GENERATE_RTF='\''NO'\'' GENERATE_XML='\''NO'\'' GENERATE_HTMLHELP='\''NO'\'' GENERATE_CHI='\''NO'\'' GENERATE_HTML='\''YES'\'' GENERATE_LATEX='\''NO'\'''
DX_FLAG_chi='0'
DX_FLAG_chm='0'
DX_FLAG_doc='1'
DX_FLAG_dot='1'
DX_FLAG_html='1'
DX_FLAG_man='0'
DX_FLAG_pdf='0'
DX_FLAG_ps='0'
DX_FLAG_rtf='0'
DX_FLAG_xml='0'
DX_HHC=''
DX_LATEX=''
DX_MAKEINDEX=''
DX_PDFLATEX=''
DX_PERL='/usr/bin/perl'
DX_PROJECT='mrs'
ECHO_C=''
ECHO_N='-n'
ECHO_T=''
EGREP='/bin/grep -E'
EXEEXT=''
GREP='/bin/grep'
INSTALL_DATA='${INSTALL} -m 644'
INSTALL_PROGRAM='${INSTALL}'
INSTALL_SCRIPT='${INSTALL}'
INSTALL_STRIP_PROGRAM='$(install_sh) -c -s'
LDFLAGS='-L/home/gat41/cxsc/lib'
LIBOBJS=''
LIBS='-lcxsc -lgsl -lgslcblas -lm '
LTLIBOBJS=''
MAKEINFO='${SHELL} /home/gat41/mrs-1-YatracosThis/config/missing --run makeinfo'
MKDIR_P='/bin/mkdir -p'
OBJEXT='o'
PACKAGE='mrs'
PACKAGE_BUGREPORT='raazesh.sainudiin@gmail.com'
PACKAGE_NAME='mrs'
PACKAGE_STRING='mrs 2.0'
PACKAGE_TARNAME='mrs'
PACKAGE_URL=''
PACKAGE_VERSION='2.0'
PATH_SEPARATOR=':'
RANLIB='ranlib'
SET_MAKE=''
SHELL='/bin/bash'
STRIP=''
VERSION='2.0'
ac_ct_CC='gcc'
ac_ct_CXX='g++'
am__EXEEXT_FALSE=''
am__EXEEXT_TRUE='#'
am__fastdepCC_FALSE='#'
am__fastdepCC_TRUE=''
am__fastdepCXX_FALSE='#'
am__fastdepCXX_TRUE=''
am__include='include'
am__isrc=''
am__leading_dot='.'
am__nodep='_no'
am__quote=''
am__tar='$${TAR-tar} chof - "$$tardir"'
am__untar='$${TAR-tar} xf -'
bindir='${exec_prefix}/bin'
build_alias=''
datadir='${datarootdir}'
datarootdir='${prefix}/share'
docdir='${datarootdir}/doc/${PACKAGE_TARNAME}'
dvidir='${docdir}'
exec_prefix='${prefix}'
host_alias=''
htmldir='${docdir}'
includedir='${prefix}/include'
infodir='${datarootdir}/info'
install_sh='${SHELL} /home/gat41/mrs-1-YatracosThis/config/install-sh'
libdir='${exec_prefix}/lib'
libexecdir='${exec_prefix}/libexec'
localedir='${datarootdir}/locale'
localstatedir='${prefix}/var'
mandir='${datarootdir}/man'
mkdir_p='/bin/mkdir -p'
oldincludedir='/usr/include'
pdfdir='${docdir}'
prefix='/home/gat41/mrs'
program_transform_name='s,x,x,'
psdir='${docdir}'
sbindir='${exec_prefix}/sbin'
sharedstatedir='${prefix}/com'
sysconfdir='${prefix}/etc'
target_alias=''

## ----------- ##
## confdefs.h. ##
## ----------- ##

/* confdefs.h */
#define PACKAGE_NAME "mrs"
#define PACKAGE_TARNAME "mrs"
#define PACKAGE_VERSION "2.0"
#define PACKAGE_STRING "mrs 2.0"
#define PACKAGE_BUGREPORT "raazesh.sainudiin@gmail.com"
#define PACKAGE_URL ""
#define PACKAGE "mrs"
#define VERSION "2.0"
#define HAVE_LIBM 1
#define HAVE_LIBGSLCBLAS 1
#define HAVE_LIBGSL 1
#define HAVE_LIBCXSC 1
#define STDC_HEADERS 1
#define HAVE_SYS_TYPES_H 1
#define HAVE_SYS_STAT_H 1
#define HAVE_STDLIB_H 1
#define HAVE_STRING_H 1
#define HAVE_MEMORY_H 1
#define HAVE_STRINGS_H 1
#define HAVE_INTTYPES_H 1
#define HAVE_STDINT_H 1
#define HAVE_UNISTD_H 1
#define HAVE__BOOL 1
#define HAVE_STDBOOL_H 1
#define HAVE_STDLIB_H 1
#define HAVE_MALLOC 1
#define HAVE_MODF 1
#define PACKAGE "mrs"
#define VERSION "2.0"

configure: exit 0

## ---------------------- ##
## Running config.status. ##
## ---------------------- ##

This file was extended by mrs config.status 2.0, which was
generated by GNU Autoconf 2.68.  Invocation command line was

  CONFIG_FILES    = 
  CONFIG_HEADERS  = 
  CONFIG_LINKS    = 
  CONFIG_COMMANDS = 
  $ ./config.status examples/StatsSubPav/MinimumDistanceEstimation/Makefile depfiles

on ubuntu

config.status:932: creating examples/StatsSubPav/MinimumDistanceEstimation/Makefile
config.status:1161: executing depfiles commands
